<?xml version="1.0" encoding="UTF-8"?>
<!-- Generated by org.testng.reporters.JUnitReportReporter -->
<testsuite hostname="ATMECSINLT-601" failures="0" tests="10" name="com.atmecs.practise.testscript.ContactUsTest" time="251.990" errors="0" timestamp="2020-12-08T16:06:12 IST" skipped="0">
  <testcase classname="com.atmecs.practise.testscript.ContactUsTest" name="contactUs" time="24.032"/>
  <system-out/>
  <testcase classname="com.atmecs.practise.testscript.ContactUsTest" name="contactUs" time="28.864"/>
  <system-out/>
  <testcase classname="com.atmecs.practise.testscript.ContactUsTest" name="contactUs" time="25.571"/>
  <system-out/>
  <testcase classname="com.atmecs.practise.testscript.ContactUsTest" name="contactUs" time="20.169"/>
  <system-out/>
  <testcase classname="com.atmecs.practise.testscript.ContactUsTest" name="contactUs" time="25.412"/>
  <system-out/>
  <testcase classname="com.atmecs.practise.testscript.ContactUsTest" name="contactUs" time="23.717"/>
  <system-out/>
  <testcase classname="com.atmecs.practise.testscript.ContactUsTest" name="contactUs" time="26.459"/>
  <system-out/>
  <testcase classname="com.atmecs.practise.testscript.ContactUsTest" name="contactUs" time="29.786"/>
  <system-out/>
  <testcase classname="com.atmecs.practise.testscript.ContactUsTest" name="contactUs" time="22.987"/>
  <system-out/>
  <testcase classname="com.atmecs.practise.testscript.ContactUsTest" name="contactUs" time="24.993"/>
  <system-out/>
</testsuite> <!-- com.atmecs.practise.testscript.ContactUsTest -->
