<?xml version="1.0" encoding="UTF-8"?>
<!-- Generated by org.testng.reporters.JUnitReportReporter -->
<testsuite hostname="ATMECSINLT-601" failures="0" tests="2" name="com.atmecs.practise.testscript.HandlingFrames" time="45.013" errors="0" timestamp="2020-12-08T13:10:28 IST" skipped="0">
  <testcase classname="com.atmecs.practise.testscript.HandlingFrames" name="handlingFrames" time="23.841"/>
  <system-out/>
  <testcase classname="com.atmecs.practise.testscript.HandlingFrames" name="handlingFrames" time="21.172"/>
  <system-out/>
</testsuite> <!-- com.atmecs.practise.testscript.HandlingFrames -->
