<?xml version="1.0" encoding="UTF-8"?>
<!-- Generated by org.testng.reporters.JUnitReportReporter -->
<testsuite hostname="ATMECSINLT-601" failures="0" tests="10" name="com.atmecs.practise.testscript.ContactUsTest" time="260.859" errors="0" timestamp="2020-12-08T16:54:15 IST" skipped="0">
  <testcase classname="com.atmecs.practise.testscript.ContactUsTest" name="contactUs" time="33.799"/>
  <system-out/>
  <testcase classname="com.atmecs.practise.testscript.ContactUsTest" name="contactUs" time="24.413"/>
  <system-out/>
  <testcase classname="com.atmecs.practise.testscript.ContactUsTest" name="contactUs" time="23.544"/>
  <system-out/>
  <testcase classname="com.atmecs.practise.testscript.ContactUsTest" name="contactUs" time="28.819"/>
  <system-out/>
  <testcase classname="com.atmecs.practise.testscript.ContactUsTest" name="contactUs" time="22.161"/>
  <system-out/>
  <testcase classname="com.atmecs.practise.testscript.ContactUsTest" name="contactUs" time="22.611"/>
  <system-out/>
  <testcase classname="com.atmecs.practise.testscript.ContactUsTest" name="contactUs" time="26.488"/>
  <system-out/>
  <testcase classname="com.atmecs.practise.testscript.ContactUsTest" name="contactUs" time="28.440"/>
  <system-out/>
  <testcase classname="com.atmecs.practise.testscript.ContactUsTest" name="contactUs" time="26.532"/>
  <system-out/>
  <testcase classname="com.atmecs.practise.testscript.ContactUsTest" name="contactUs" time="24.052"/>
  <system-out/>
</testsuite> <!-- com.atmecs.practise.testscript.ContactUsTest -->
